{"C:\\Users\\Sloba\\Desktop\\Baze 2 projekat\\instagram-app\\frontend\\src\\pages\\Login.jsx": {"path":"C:\\Users\\Sloba\\Desktop\\Baze 2 projekat\\instagram-app\\frontend\\src\\pages\\Login.jsx","statementMap":{"0":{"start":{"line":8,"column":8},"end":{"line":8,"column":null}},"1":{"start":{"line":9,"column":24},"end":{"line":9,"column":null}},"2":{"start":{"line":10,"column":30},"end":{"line":10,"column":null}},"3":{"start":{"line":11,"column":38},"end":{"line":11,"column":null}},"4":{"start":{"line":12,"column":24},"end":{"line":12,"column":null}},"5":{"start":{"line":14,"column":2},"end":{"line":16,"column":null}},"6":{"start":{"line":15,"column":2},"end":{"line":15,"column":null}},"7":{"start":{"line":18,"column":22},"end":{"line":38,"column":null}},"8":{"start":{"line":19,"column":4},"end":{"line":19,"column":null}},"9":{"start":{"line":20,"column":4},"end":{"line":20,"column":null}},"10":{"start":{"line":22,"column":4},"end":{"line":24,"column":null}},"11":{"start":{"line":23,"column":6},"end":{"line":23,"column":null}},"12":{"start":{"line":25,"column":4},"end":{"line":27,"column":null}},"13":{"start":{"line":26,"column":6},"end":{"line":26,"column":null}},"14":{"start":{"line":30,"column":4},"end":{"line":37,"column":null}},"15":{"start":{"line":31,"column":19},"end":{"line":31,"column":null}},"16":{"start":{"line":32,"column":6},"end":{"line":32,"column":null}},"17":{"start":{"line":33,"column":6},"end":{"line":33,"column":null}},"18":{"start":{"line":34,"column":6},"end":{"line":34,"column":null}},"19":{"start":{"line":36,"column":6},"end":{"line":36,"column":null}},"20":{"start":{"line":40,"column":2},"end":{"line":93,"column":null}},"21":{"start":{"line":44,"column":21},"end":{"line":44,"column":44}},"22":{"start":{"line":59,"column":33},"end":{"line":59,"column":null}},"23":{"start":{"line":70,"column":33},"end":{"line":70,"column":null}},"24":{"start":{"line":76,"column":31},"end":{"line":76,"column":null}},"25":{"start":{"line":90,"column":54},"end":{"line":90,"column":77}}},"fnMap":{"0":{"name":"Login","decl":{"start":{"line":7,"column":24},"end":{"line":7,"column":32}},"loc":{"start":{"line":7,"column":32},"end":{"line":95,"column":null}},"line":7},"1":{"name":"(anonymous_1)","decl":{"start":{"line":14,"column":12},"end":{"line":14,"column":18}},"loc":{"start":{"line":14,"column":18},"end":{"line":16,"column":5}},"line":14},"2":{"name":"(anonymous_2)","decl":{"start":{"line":18,"column":22},"end":{"line":18,"column":29}},"loc":{"start":{"line":18,"column":35},"end":{"line":38,"column":null}},"line":18},"3":{"name":"(anonymous_3)","decl":{"start":{"line":44,"column":15},"end":{"line":44,"column":21}},"loc":{"start":{"line":44,"column":21},"end":{"line":44,"column":44}},"line":44},"4":{"name":"(anonymous_4)","decl":{"start":{"line":59,"column":26},"end":{"line":59,"column":27}},"loc":{"start":{"line":59,"column":33},"end":{"line":59,"column":null}},"line":59},"5":{"name":"(anonymous_5)","decl":{"start":{"line":70,"column":26},"end":{"line":70,"column":27}},"loc":{"start":{"line":70,"column":33},"end":{"line":70,"column":null}},"line":70},"6":{"name":"(anonymous_6)","decl":{"start":{"line":76,"column":25},"end":{"line":76,"column":31}},"loc":{"start":{"line":76,"column":31},"end":{"line":76,"column":null}},"line":76},"7":{"name":"(anonymous_7)","decl":{"start":{"line":90,"column":48},"end":{"line":90,"column":54}},"loc":{"start":{"line":90,"column":54},"end":{"line":90,"column":77}},"line":90}},"branchMap":{"0":{"loc":{"start":{"line":22,"column":4},"end":{"line":24,"column":null}},"type":"if","locations":[{"start":{"line":22,"column":4},"end":{"line":24,"column":null}},{"start":{},"end":{}}],"line":22},"1":{"loc":{"start":{"line":25,"column":4},"end":{"line":27,"column":null}},"type":"if","locations":[{"start":{"line":25,"column":4},"end":{"line":27,"column":null}},{"start":{},"end":{}}],"line":25},"2":{"loc":{"start":{"line":53,"column":48},"end":{"line":53,"column":72}},"type":"cond-expr","locations":[{"start":{"line":53,"column":56},"end":{"line":53,"column":70}},{"start":{"line":53,"column":70},"end":{"line":53,"column":72}}],"line":53},"3":{"loc":{"start":{"line":64,"column":48},"end":{"line":64,"column":75}},"type":"cond-expr","locations":[{"start":{"line":64,"column":59},"end":{"line":64,"column":73}},{"start":{"line":64,"column":73},"end":{"line":64,"column":75}}],"line":64},"4":{"loc":{"start":{"line":67,"column":22},"end":{"line":67,"column":null}},"type":"cond-expr","locations":[{"start":{"line":67,"column":37},"end":{"line":67,"column":46}},{"start":{"line":67,"column":46},"end":{"line":67,"column":null}}],"line":67},"5":{"loc":{"start":{"line":78,"column":17},"end":{"line":78,"column":null}},"type":"cond-expr","locations":[{"start":{"line":78,"column":32},"end":{"line":78,"column":41}},{"start":{"line":78,"column":41},"end":{"line":78,"column":null}}],"line":78},"6":{"loc":{"start":{"line":82,"column":13},"end":{"line":82,"column":null}},"type":"binary-expr","locations":[{"start":{"line":82,"column":13},"end":{"line":82,"column":22}},{"start":{"line":82,"column":22},"end":{"line":82,"column":null}}],"line":82}},"s":{"0":22,"1":22,"2":22,"3":22,"4":22,"5":22,"6":7,"7":22,"8":4,"9":4,"10":4,"11":1,"12":3,"13":1,"14":2,"15":2,"16":1,"17":1,"18":1,"19":1,"20":22,"21":1,"22":4,"23":4,"24":2,"25":0},"f":{"0":22,"1":7,"2":4,"3":1,"4":4,"5":4,"6":2,"7":0},"b":{"0":[1,3],"1":[1,2],"2":[13,9],"3":[9,13],"4":[1,21],"5":[1,21],"6":[22,3]},"meta":{"lastBranch":7,"lastFunction":8,"lastStatement":26,"seen":{"f:7:24:7:32":0,"s:8:8:8:Infinity":0,"s:9:24:9:Infinity":1,"s:10:30:10:Infinity":2,"s:11:38:11:Infinity":3,"s:12:24:12:Infinity":4,"s:14:2:16:Infinity":5,"f:14:12:14:18":1,"s:15:2:15:Infinity":6,"s:18:22:38:Infinity":7,"f:18:22:18:29":2,"s:19:4:19:Infinity":8,"s:20:4:20:Infinity":9,"b:22:4:24:Infinity:undefined:undefined:undefined:undefined":0,"s:22:4:24:Infinity":10,"s:23:6:23:Infinity":11,"b:25:4:27:Infinity:undefined:undefined:undefined:undefined":1,"s:25:4:27:Infinity":12,"s:26:6:26:Infinity":13,"s:30:4:37:Infinity":14,"s:31:19:31:Infinity":15,"s:32:6:32:Infinity":16,"s:33:6:33:Infinity":17,"s:34:6:34:Infinity":18,"s:36:6:36:Infinity":19,"s:40:2:93:Infinity":20,"f:44:15:44:21":3,"s:44:21:44:44":21,"b:53:56:53:70:53:70:53:72":2,"f:59:26:59:27":4,"s:59:33:59:Infinity":22,"b:64:59:64:73:64:73:64:75":3,"b:67:37:67:46:67:46:67:Infinity":4,"f:70:26:70:27":5,"s:70:33:70:Infinity":23,"f:76:25:76:31":6,"s:76:31:76:Infinity":24,"b:78:32:78:41:78:41:78:Infinity":5,"b:82:13:82:22:82:22:82:Infinity":6,"f:90:48:90:54":7,"s:90:54:90:77":25}}}
,"C:\\Users\\Sloba\\Desktop\\Baze 2 projekat\\instagram-app\\frontend\\src\\pages\\Register.jsx": {"path":"C:\\Users\\Sloba\\Desktop\\Baze 2 projekat\\instagram-app\\frontend\\src\\pages\\Register.jsx","statementMap":{"0":{"start":{"line":8,"column":30},"end":{"line":14,"column":null}},"1":{"start":{"line":16,"column":8},"end":{"line":16,"column":null}},"2":{"start":{"line":18,"column":26},"end":{"line":18,"column":null}},"3":{"start":{"line":19,"column":48},"end":{"line":19,"column":null}},"4":{"start":{"line":21,"column":24},"end":{"line":21,"column":null}},"5":{"start":{"line":22,"column":21},"end":{"line":22,"column":null}},"6":{"start":{"line":26,"column":25},"end":{"line":26,"column":null}},"7":{"start":{"line":28,"column":2},"end":{"line":30,"column":null}},"8":{"start":{"line":29,"column":4},"end":{"line":29,"column":null}},"9":{"start":{"line":32,"column":23},"end":{"line":57,"column":null}},"10":{"start":{"line":33,"column":28},"end":{"line":33,"column":null}},"11":{"start":{"line":35,"column":4},"end":{"line":38,"column":null}},"12":{"start":{"line":40,"column":4},"end":{"line":56,"column":null}},"13":{"start":{"line":41,"column":6},"end":{"line":55,"column":null}},"14":{"start":{"line":42,"column":8},"end":{"line":45,"column":null}},"15":{"start":{"line":42,"column":29},"end":{"line":45,"column":10}},"16":{"start":{"line":46,"column":6},"end":{"line":55,"column":null}},"17":{"start":{"line":47,"column":8},"end":{"line":47,"column":null}},"18":{"start":{"line":48,"column":8},"end":{"line":51,"column":null}},"19":{"start":{"line":48,"column":29},"end":{"line":51,"column":10}},"20":{"start":{"line":53,"column":8},"end":{"line":53,"column":null}},"21":{"start":{"line":54,"column":8},"end":{"line":54,"column":null}},"22":{"start":{"line":54,"column":29},"end":{"line":54,"column":55}},"23":{"start":{"line":59,"column":23},"end":{"line":78,"column":null}},"24":{"start":{"line":60,"column":20},"end":{"line":60,"column":null}},"25":{"start":{"line":62,"column":4},"end":{"line":62,"column":null}},"26":{"start":{"line":62,"column":29},"end":{"line":62,"column":null}},"27":{"start":{"line":64,"column":4},"end":{"line":64,"column":null}},"28":{"start":{"line":64,"column":28},"end":{"line":64,"column":null}},"29":{"start":{"line":66,"column":4},"end":{"line":68,"column":null}},"30":{"start":{"line":67,"column":6},"end":{"line":67,"column":null}},"31":{"start":{"line":69,"column":4},"end":{"line":71,"column":null}},"32":{"start":{"line":70,"column":6},"end":{"line":70,"column":null}},"33":{"start":{"line":72,"column":4},"end":{"line":74,"column":null}},"34":{"start":{"line":73,"column":6},"end":{"line":73,"column":null}},"35":{"start":{"line":76,"column":4},"end":{"line":76,"column":null}},"36":{"start":{"line":77,"column":4},"end":{"line":77,"column":null}},"37":{"start":{"line":80,"column":23},"end":{"line":100,"column":null}},"38":{"start":{"line":81,"column":4},"end":{"line":81,"column":null}},"39":{"start":{"line":83,"column":4},"end":{"line":83,"column":null}},"40":{"start":{"line":83,"column":25},"end":{"line":83,"column":null}},"41":{"start":{"line":85,"column":4},"end":{"line":99,"column":null}},"42":{"start":{"line":86,"column":19},"end":{"line":86,"column":null}},"43":{"start":{"line":88,"column":6},"end":{"line":88,"column":null}},"44":{"start":{"line":90,"column":6},"end":{"line":90,"column":null}},"45":{"start":{"line":91,"column":6},"end":{"line":91,"column":null}},"46":{"start":{"line":93,"column":6},"end":{"line":93,"column":null}},"47":{"start":{"line":95,"column":8},"end":{"line":97,"column":null}},"48":{"start":{"line":98,"column":6},"end":{"line":98,"column":null}},"49":{"start":{"line":102,"column":2},"end":{"line":193,"column":null}}},"fnMap":{"0":{"name":"Register","decl":{"start":{"line":7,"column":9},"end":{"line":7,"column":20}},"loc":{"start":{"line":7,"column":20},"end":{"line":195,"column":null}},"line":7},"1":{"name":"(anonymous_1)","decl":{"start":{"line":28,"column":12},"end":{"line":28,"column":18}},"loc":{"start":{"line":28,"column":18},"end":{"line":30,"column":5}},"line":28},"2":{"name":"(anonymous_2)","decl":{"start":{"line":32,"column":23},"end":{"line":32,"column":24}},"loc":{"start":{"line":32,"column":30},"end":{"line":57,"column":null}},"line":32},"3":{"name":"(anonymous_3)","decl":{"start":{"line":42,"column":18},"end":{"line":42,"column":19}},"loc":{"start":{"line":42,"column":29},"end":{"line":45,"column":10}},"line":42},"4":{"name":"(anonymous_4)","decl":{"start":{"line":48,"column":18},"end":{"line":48,"column":19}},"loc":{"start":{"line":48,"column":29},"end":{"line":51,"column":10}},"line":48},"5":{"name":"(anonymous_5)","decl":{"start":{"line":54,"column":18},"end":{"line":54,"column":19}},"loc":{"start":{"line":54,"column":29},"end":{"line":54,"column":55}},"line":54},"6":{"name":"(anonymous_6)","decl":{"start":{"line":59,"column":23},"end":{"line":59,"column":29}},"loc":{"start":{"line":59,"column":29},"end":{"line":78,"column":null}},"line":59},"7":{"name":"(anonymous_7)","decl":{"start":{"line":80,"column":23},"end":{"line":80,"column":30}},"loc":{"start":{"line":80,"column":36},"end":{"line":100,"column":null}},"line":80}},"branchMap":{"0":{"loc":{"start":{"line":40,"column":4},"end":{"line":56,"column":null}},"type":"if","locations":[{"start":{"line":40,"column":4},"end":{"line":56,"column":null}},{"start":{},"end":{}}],"line":40},"1":{"loc":{"start":{"line":41,"column":6},"end":{"line":55,"column":null}},"type":"if","locations":[{"start":{"line":41,"column":6},"end":{"line":55,"column":null}},{"start":{"line":46,"column":6},"end":{"line":55,"column":null}}],"line":41},"2":{"loc":{"start":{"line":46,"column":6},"end":{"line":55,"column":null}},"type":"if","locations":[{"start":{"line":46,"column":6},"end":{"line":55,"column":null}},{"start":{"line":52,"column":13},"end":{"line":55,"column":null}}],"line":46},"3":{"loc":{"start":{"line":62,"column":4},"end":{"line":62,"column":null}},"type":"if","locations":[{"start":{"line":62,"column":4},"end":{"line":62,"column":null}},{"start":{},"end":{}}],"line":62},"4":{"loc":{"start":{"line":64,"column":4},"end":{"line":64,"column":null}},"type":"if","locations":[{"start":{"line":64,"column":4},"end":{"line":64,"column":null}},{"start":{},"end":{}}],"line":64},"5":{"loc":{"start":{"line":66,"column":4},"end":{"line":68,"column":null}},"type":"if","locations":[{"start":{"line":66,"column":4},"end":{"line":68,"column":null}},{"start":{},"end":{}}],"line":66},"6":{"loc":{"start":{"line":69,"column":4},"end":{"line":71,"column":null}},"type":"if","locations":[{"start":{"line":69,"column":4},"end":{"line":71,"column":null}},{"start":{},"end":{}}],"line":69},"7":{"loc":{"start":{"line":72,"column":4},"end":{"line":74,"column":null}},"type":"if","locations":[{"start":{"line":72,"column":4},"end":{"line":74,"column":null}},{"start":{},"end":{}}],"line":72},"8":{"loc":{"start":{"line":83,"column":4},"end":{"line":83,"column":null}},"type":"if","locations":[{"start":{"line":83,"column":4},"end":{"line":83,"column":null}},{"start":{},"end":{}}],"line":83},"9":{"loc":{"start":{"line":95,"column":8},"end":{"line":97,"column":null}},"type":"binary-expr","locations":[{"start":{"line":95,"column":8},"end":{"line":95,"column":null}},{"start":{"line":96,"column":8},"end":{"line":96,"column":null}},{"start":{"line":97,"column":9},"end":{"line":97,"column":null}}],"line":95},"10":{"loc":{"start":{"line":97,"column":9},"end":{"line":97,"column":null}},"type":"cond-expr","locations":[{"start":{"line":97,"column":51},"end":{"line":97,"column":71}},{"start":{"line":97,"column":71},"end":{"line":97,"column":null}}],"line":97},"11":{"loc":{"start":{"line":98,"column":12},"end":{"line":98,"column":112}},"type":"cond-expr","locations":[{"start":{"line":98,"column":29},"end":{"line":98,"column":72}},{"start":{"line":98,"column":72},"end":{"line":98,"column":112}}],"line":98},"12":{"loc":{"start":{"line":121,"column":51},"end":{"line":121,"column":88}},"type":"cond-expr","locations":[{"start":{"line":121,"column":72},"end":{"line":121,"column":86}},{"start":{"line":121,"column":86},"end":{"line":121,"column":88}}],"line":121},"13":{"loc":{"start":{"line":132,"column":13},"end":{"line":132,"column":null}},"type":"binary-expr","locations":[{"start":{"line":132,"column":13},"end":{"line":132,"column":33}},{"start":{"line":132,"column":33},"end":{"line":132,"column":null}}],"line":132},"14":{"loc":{"start":{"line":134,"column":51},"end":{"line":134,"column":87}},"type":"cond-expr","locations":[{"start":{"line":134,"column":71},"end":{"line":134,"column":85}},{"start":{"line":134,"column":85},"end":{"line":134,"column":87}}],"line":134},"15":{"loc":{"start":{"line":145,"column":13},"end":{"line":145,"column":null}},"type":"binary-expr","locations":[{"start":{"line":145,"column":13},"end":{"line":145,"column":32}},{"start":{"line":145,"column":32},"end":{"line":145,"column":null}}],"line":145},"16":{"loc":{"start":{"line":147,"column":51},"end":{"line":147,"column":87}},"type":"cond-expr","locations":[{"start":{"line":147,"column":71},"end":{"line":147,"column":85}},{"start":{"line":147,"column":85},"end":{"line":147,"column":87}}],"line":147},"17":{"loc":{"start":{"line":158,"column":13},"end":{"line":158,"column":null}},"type":"binary-expr","locations":[{"start":{"line":158,"column":13},"end":{"line":158,"column":32}},{"start":{"line":158,"column":32},"end":{"line":158,"column":null}}],"line":158},"18":{"loc":{"start":{"line":159,"column":13},"end":{"line":160,"column":null}},"type":"binary-expr","locations":[{"start":{"line":159,"column":13},"end":{"line":159,"column":null}},{"start":{"line":160,"column":14},"end":{"line":160,"column":null}}],"line":159},"19":{"loc":{"start":{"line":163,"column":51},"end":{"line":163,"column":84}},"type":"cond-expr","locations":[{"start":{"line":163,"column":68},"end":{"line":163,"column":82}},{"start":{"line":163,"column":82},"end":{"line":163,"column":84}}],"line":163},"20":{"loc":{"start":{"line":174,"column":13},"end":{"line":174,"column":null}},"type":"binary-expr","locations":[{"start":{"line":174,"column":13},"end":{"line":174,"column":29}},{"start":{"line":174,"column":29},"end":{"line":174,"column":null}}],"line":174},"21":{"loc":{"start":{"line":176,"column":51},"end":{"line":176,"column":87}},"type":"cond-expr","locations":[{"start":{"line":176,"column":71},"end":{"line":176,"column":85}},{"start":{"line":176,"column":85},"end":{"line":176,"column":87}}],"line":176},"22":{"loc":{"start":{"line":187,"column":13},"end":{"line":187,"column":null}},"type":"binary-expr","locations":[{"start":{"line":187,"column":13},"end":{"line":187,"column":32}},{"start":{"line":187,"column":32},"end":{"line":187,"column":null}}],"line":187}},"s":{"0":35,"1":35,"2":35,"3":35,"4":35,"5":35,"6":35,"7":35,"8":8,"9":35,"10":22,"11":22,"12":22,"13":6,"14":1,"15":1,"16":5,"17":1,"18":1,"19":1,"20":4,"21":4,"22":4,"23":35,"24":5,"25":5,"26":1,"27":5,"28":1,"29":5,"30":1,"31":5,"32":2,"33":5,"34":2,"35":5,"36":5,"37":35,"38":5,"39":5,"40":3,"41":2,"42":2,"43":1,"44":1,"45":1,"46":1,"47":1,"48":1,"49":35},"f":{"0":35,"1":8,"2":22,"3":1,"4":1,"5":4,"6":5,"7":5},"b":{"0":[6,16],"1":[1,5],"2":[1,4],"3":[1,4],"4":[1,4],"5":[1,4],"6":[2,3],"7":[2,3],"8":[3,2],"9":[1,1,1],"10":[0,1],"11":[0,1],"12":[24,11],"13":[35,1],"14":[20,15],"15":[35,1],"16":[18,17],"17":[35,3],"18":[35,1],"19":[12,23],"20":[35,2],"21":[8,27],"22":[35,2]},"meta":{"lastBranch":23,"lastFunction":8,"lastStatement":50,"seen":{"f:7:9:7:20":0,"s:8:30:14:Infinity":0,"s:16:8:16:Infinity":1,"s:18:26:18:Infinity":2,"s:19:48:19:Infinity":3,"s:21:24:21:Infinity":4,"s:22:21:22:Infinity":5,"s:26:25:26:Infinity":6,"s:28:2:30:Infinity":7,"f:28:12:28:18":1,"s:29:4:29:Infinity":8,"s:32:23:57:Infinity":9,"f:32:23:32:24":2,"s:33:28:33:Infinity":10,"s:35:4:38:Infinity":11,"b:40:4:56:Infinity:undefined:undefined:undefined:undefined":0,"s:40:4:56:Infinity":12,"b:41:6:55:Infinity:46:6:55:Infinity":1,"s:41:6:55:Infinity":13,"s:42:8:45:Infinity":14,"f:42:18:42:19":3,"s:42:29:45:10":15,"b:46:6:55:Infinity:52:13:55:Infinity":2,"s:46:6:55:Infinity":16,"s:47:8:47:Infinity":17,"s:48:8:51:Infinity":18,"f:48:18:48:19":4,"s:48:29:51:10":19,"s:53:8:53:Infinity":20,"s:54:8:54:Infinity":21,"f:54:18:54:19":5,"s:54:29:54:55":22,"s:59:23:78:Infinity":23,"f:59:23:59:29":6,"s:60:20:60:Infinity":24,"b:62:4:62:Infinity:undefined:undefined:undefined:undefined":3,"s:62:4:62:Infinity":25,"s:62:29:62:Infinity":26,"b:64:4:64:Infinity:undefined:undefined:undefined:undefined":4,"s:64:4:64:Infinity":27,"s:64:28:64:Infinity":28,"b:66:4:68:Infinity:undefined:undefined:undefined:undefined":5,"s:66:4:68:Infinity":29,"s:67:6:67:Infinity":30,"b:69:4:71:Infinity:undefined:undefined:undefined:undefined":6,"s:69:4:71:Infinity":31,"s:70:6:70:Infinity":32,"b:72:4:74:Infinity:undefined:undefined:undefined:undefined":7,"s:72:4:74:Infinity":33,"s:73:6:73:Infinity":34,"s:76:4:76:Infinity":35,"s:77:4:77:Infinity":36,"s:80:23:100:Infinity":37,"f:80:23:80:30":7,"s:81:4:81:Infinity":38,"b:83:4:83:Infinity:undefined:undefined:undefined:undefined":8,"s:83:4:83:Infinity":39,"s:83:25:83:Infinity":40,"s:85:4:99:Infinity":41,"s:86:19:86:Infinity":42,"s:88:6:88:Infinity":43,"s:90:6:90:Infinity":44,"s:91:6:91:Infinity":45,"s:93:6:93:Infinity":46,"s:95:8:97:Infinity":47,"b:95:8:95:Infinity:96:8:96:Infinity:97:9:97:Infinity":9,"b:97:51:97:71:97:71:97:Infinity":10,"s:98:6:98:Infinity":48,"b:98:29:98:72:98:72:98:112":11,"s:102:2:193:Infinity":49,"b:121:72:121:86:121:86:121:88":12,"b:132:13:132:33:132:33:132:Infinity":13,"b:134:71:134:85:134:85:134:87":14,"b:145:13:145:32:145:32:145:Infinity":15,"b:147:71:147:85:147:85:147:87":16,"b:158:13:158:32:158:32:158:Infinity":17,"b:159:13:159:Infinity:160:14:160:Infinity":18,"b:163:68:163:82:163:82:163:84":19,"b:174:13:174:29:174:29:174:Infinity":20,"b:176:71:176:85:176:85:176:87":21,"b:187:13:187:32:187:32:187:Infinity":22}}}
,"C:\\Users\\Sloba\\Desktop\\Baze 2 projekat\\instagram-app\\frontend\\src\\utils\\auth.js": {"path":"C:\\Users\\Sloba\\Desktop\\Baze 2 projekat\\instagram-app\\frontend\\src\\utils\\auth.js","statementMap":{"0":{"start":{"line":5,"column":34},"end":{"line":17,"column":1}},"1":{"start":{"line":6,"column":18},"end":{"line":6,"column":47}},"2":{"start":{"line":7,"column":4},"end":{"line":7,"column":null}},"3":{"start":{"line":7,"column":16},"end":{"line":7,"column":null}},"4":{"start":{"line":9,"column":4},"end":{"line":16,"column":null}},"5":{"start":{"line":10,"column":23},"end":{"line":10,"column":40}},"6":{"start":{"line":11,"column":8},"end":{"line":11,"column":null}},"7":{"start":{"line":12,"column":8},"end":{"line":12,"column":67}},"8":{"start":{"line":14,"column":8},"end":{"line":14,"column":null}},"9":{"start":{"line":15,"column":8},"end":{"line":15,"column":null}}},"fnMap":{"0":{"name":"(anonymous_0)","decl":{"start":{"line":5,"column":34},"end":{"line":5,"column":35}},"loc":{"start":{"line":5,"column":40},"end":{"line":17,"column":1}},"line":5}},"branchMap":{"0":{"loc":{"start":{"line":7,"column":4},"end":{"line":7,"column":null}},"type":"if","locations":[{"start":{"line":7,"column":4},"end":{"line":7,"column":null}},{"start":{},"end":{}}],"line":7},"1":{"loc":{"start":{"line":12,"column":15},"end":{"line":12,"column":66}},"type":"binary-expr","locations":[{"start":{"line":12,"column":15},"end":{"line":12,"column":25}},{"start":{"line":12,"column":29},"end":{"line":12,"column":43}},{"start":{"line":12,"column":47},"end":{"line":12,"column":58}},{"start":{"line":12,"column":62},"end":{"line":12,"column":66}}],"line":12}},"s":{"0":1,"1":7,"2":7,"3":1,"4":6,"5":6,"6":6,"7":6,"8":1,"9":1},"f":{"0":7},"b":{"0":[1,6],"1":[6,3,2,1]},"meta":{"lastBranch":2,"lastFunction":1,"lastStatement":10,"seen":{"s:5:34:17:1":0,"f:5:34:5:35":0,"s:6:18:6:47":1,"b:7:4:7:Infinity:undefined:undefined:undefined:undefined":0,"s:7:4:7:Infinity":2,"s:7:16:7:Infinity":3,"s:9:4:16:Infinity":4,"s:10:23:10:40":5,"s:11:8:11:Infinity":6,"s:12:8:12:67":7,"b:12:15:12:25:12:29:12:43:12:47:12:58:12:62:12:66":1,"s:14:8:14:Infinity":8,"s:15:8:15:Infinity":9}}}
,"C:\\Users\\Sloba\\Desktop\\Baze 2 projekat\\instagram-app\\frontend\\src\\utils\\postMapper.js": {"path":"C:\\Users\\Sloba\\Desktop\\Baze 2 projekat\\instagram-app\\frontend\\src\\utils\\postMapper.js","statementMap":{"0":{"start":{"line":1,"column":26},"end":{"line":1,"column":115}},"1":{"start":{"line":2,"column":27},"end":{"line":2,"column":133}},"2":{"start":{"line":4,"column":25},"end":{"line":12,"column":1}},"3":{"start":{"line":5,"column":4},"end":{"line":7,"column":null}},"4":{"start":{"line":6,"column":8},"end":{"line":6,"column":null}},"5":{"start":{"line":8,"column":4},"end":{"line":10,"column":null}},"6":{"start":{"line":9,"column":8},"end":{"line":9,"column":null}},"7":{"start":{"line":11,"column":4},"end":{"line":11,"column":null}},"8":{"start":{"line":14,"column":29},"end":{"line":34,"column":1}},"9":{"start":{"line":15,"column":29},"end":{"line":15,"column":78}},"10":{"start":{"line":16,"column":21},"end":{"line":20,"column":28}},"11":{"start":{"line":22,"column":4},"end":{"line":33,"column":null}},"12":{"start":{"line":36,"column":30},"end":{"line":39,"column":1}},"13":{"start":{"line":37,"column":4},"end":{"line":37,"column":null}},"14":{"start":{"line":37,"column":39},"end":{"line":37,"column":null}},"15":{"start":{"line":38,"column":4},"end":{"line":38,"column":null}}},"fnMap":{"0":{"name":"(anonymous_0)","decl":{"start":{"line":4,"column":25},"end":{"line":4,"column":26}},"loc":{"start":{"line":4,"column":34},"end":{"line":12,"column":1}},"line":4},"1":{"name":"(anonymous_1)","decl":{"start":{"line":14,"column":29},"end":{"line":14,"column":30}},"loc":{"start":{"line":14,"column":43},"end":{"line":34,"column":1}},"line":14},"2":{"name":"(anonymous_2)","decl":{"start":{"line":36,"column":30},"end":{"line":36,"column":31}},"loc":{"start":{"line":36,"column":45},"end":{"line":39,"column":1}},"line":36}},"branchMap":{"0":{"loc":{"start":{"line":5,"column":4},"end":{"line":7,"column":null}},"type":"if","locations":[{"start":{"line":5,"column":4},"end":{"line":7,"column":null}},{"start":{},"end":{}}],"line":5},"1":{"loc":{"start":{"line":5,"column":8},"end":{"line":5,"column":66}},"type":"binary-expr","locations":[{"start":{"line":5,"column":8},"end":{"line":5,"column":37}},{"start":{"line":5,"column":41},"end":{"line":5,"column":66}}],"line":5},"2":{"loc":{"start":{"line":6,"column":15},"end":{"line":6,"column":49}},"type":"binary-expr","locations":[{"start":{"line":6,"column":15},"end":{"line":6,"column":41}},{"start":{"line":6,"column":45},"end":{"line":6,"column":49}}],"line":6},"3":{"loc":{"start":{"line":8,"column":4},"end":{"line":10,"column":null}},"type":"if","locations":[{"start":{"line":8,"column":4},"end":{"line":10,"column":null}},{"start":{},"end":{}}],"line":8},"4":{"loc":{"start":{"line":8,"column":8},"end":{"line":8,"column":56}},"type":"binary-expr","locations":[{"start":{"line":8,"column":8},"end":{"line":8,"column":32}},{"start":{"line":8,"column":36},"end":{"line":8,"column":56}}],"line":8},"5":{"loc":{"start":{"line":9,"column":15},"end":{"line":9,"column":65}},"type":"binary-expr","locations":[{"start":{"line":9,"column":15},"end":{"line":9,"column":36}},{"start":{"line":9,"column":40},"end":{"line":9,"column":57}},{"start":{"line":9,"column":61},"end":{"line":9,"column":65}}],"line":9},"6":{"loc":{"start":{"line":14,"column":30},"end":{"line":14,"column":38}},"type":"default-arg","locations":[{"start":{"line":14,"column":36},"end":{"line":14,"column":38}}],"line":14},"7":{"loc":{"start":{"line":15,"column":29},"end":{"line":15,"column":78}},"type":"cond-expr","locations":[{"start":{"line":15,"column":42},"end":{"line":15,"column":61}},{"start":{"line":15,"column":64},"end":{"line":15,"column":78}}],"line":15},"8":{"loc":{"start":{"line":16,"column":21},"end":{"line":20,"column":28}},"type":"binary-expr","locations":[{"start":{"line":16,"column":21},"end":{"line":16,"column":null}},{"start":{"line":17,"column":11},"end":{"line":17,"column":null}},{"start":{"line":18,"column":11},"end":{"line":18,"column":null}},{"start":{"line":19,"column":11},"end":{"line":19,"column":null}},{"start":{"line":20,"column":11},"end":{"line":20,"column":28}}],"line":16},"9":{"loc":{"start":{"line":23,"column":12},"end":{"line":23,"column":69}},"type":"binary-expr","locations":[{"start":{"line":23,"column":12},"end":{"line":23,"column":18}},{"start":{"line":23,"column":22},"end":{"line":23,"column":32}},{"start":{"line":23,"column":36},"end":{"line":23,"column":46}},{"start":{"line":23,"column":50},"end":{"line":23,"column":61}},{"start":{"line":23,"column":65},"end":{"line":23,"column":69}}],"line":23},"10":{"loc":{"start":{"line":24,"column":16},"end":{"line":24,"column":81}},"type":"binary-expr","locations":[{"start":{"line":24,"column":16},"end":{"line":24,"column":26}},{"start":{"line":24,"column":30},"end":{"line":24,"column":41}},{"start":{"line":24,"column":45},"end":{"line":24,"column":57}},{"start":{"line":24,"column":61},"end":{"line":24,"column":73}},{"start":{"line":24,"column":77},"end":{"line":24,"column":81}}],"line":24},"11":{"loc":{"start":{"line":25,"column":18},"end":{"line":25,"column":72}},"type":"binary-expr","locations":[{"start":{"line":25,"column":18},"end":{"line":25,"column":30}},{"start":{"line":25,"column":34},"end":{"line":25,"column":52}},{"start":{"line":25,"column":56},"end":{"line":25,"column":72}}],"line":25},"12":{"loc":{"start":{"line":26,"column":16},"end":{"line":26,"column":68}},"type":"binary-expr","locations":[{"start":{"line":26,"column":16},"end":{"line":26,"column":26}},{"start":{"line":26,"column":30},"end":{"line":26,"column":46}},{"start":{"line":26,"column":50},"end":{"line":26,"column":68}}],"line":26},"13":{"loc":{"start":{"line":27,"column":17},"end":{"line":27,"column":53}},"type":"binary-expr","locations":[{"start":{"line":27,"column":17},"end":{"line":27,"column":28}},{"start":{"line":27,"column":32},"end":{"line":27,"column":47}},{"start":{"line":27,"column":51},"end":{"line":27,"column":53}}],"line":27},"14":{"loc":{"start":{"line":28,"column":21},"end":{"line":28,"column":57}},"type":"binary-expr","locations":[{"start":{"line":28,"column":21},"end":{"line":28,"column":36}},{"start":{"line":28,"column":40},"end":{"line":28,"column":51}},{"start":{"line":28,"column":55},"end":{"line":28,"column":57}}],"line":28},"15":{"loc":{"start":{"line":29,"column":22},"end":{"line":29,"column":71}},"type":"binary-expr","locations":[{"start":{"line":29,"column":22},"end":{"line":29,"column":31}},{"start":{"line":29,"column":35},"end":{"line":29,"column":49}},{"start":{"line":29,"column":53},"end":{"line":29,"column":66}},{"start":{"line":29,"column":70},"end":{"line":29,"column":71}}],"line":29},"16":{"loc":{"start":{"line":31,"column":20},"end":{"line":31,"column":71}},"type":"cond-expr","locations":[{"start":{"line":31,"column":52},"end":{"line":31,"column":66}},{"start":{"line":31,"column":69},"end":{"line":31,"column":71}}],"line":31},"17":{"loc":{"start":{"line":36,"column":31},"end":{"line":36,"column":40}},"type":"default-arg","locations":[{"start":{"line":36,"column":38},"end":{"line":36,"column":40}}],"line":36},"18":{"loc":{"start":{"line":37,"column":4},"end":{"line":37,"column":null}},"type":"if","locations":[{"start":{"line":37,"column":4},"end":{"line":37,"column":null}},{"start":{},"end":{}}],"line":37},"19":{"loc":{"start":{"line":37,"column":8},"end":{"line":37,"column":37}},"type":"binary-expr","locations":[{"start":{"line":37,"column":8},"end":{"line":37,"column":13}},{"start":{"line":37,"column":17},"end":{"line":37,"column":37}}],"line":37}},"s":{"0":1,"1":1,"2":1,"3":18,"4":1,"5":17,"6":0,"7":17,"8":1,"9":19,"10":19,"11":19,"12":1,"13":5,"14":1,"15":4},"f":{"0":18,"1":19,"2":5},"b":{"0":[1,17],"1":[18,1],"2":[1,0],"3":[0,17],"4":[17,0],"5":[0,0,0],"6":[19],"7":[3,16],"8":[19,18,18,18,17],"9":[19,13,12,11,10],"10":[19,16,15,14,13],"11":[19,15,15],"12":[19,18,18],"13":[19,18,18],"14":[19,18,18],"15":[19,17,16,15],"16":[2,17],"17":[5],"18":[1,4],"19":[5,4]},"meta":{"lastBranch":20,"lastFunction":3,"lastStatement":16,"seen":{"s:1:26:1:115":0,"s:2:27:2:133":1,"s:4:25:12:1":2,"f:4:25:4:26":0,"b:5:4:7:Infinity:undefined:undefined:undefined:undefined":0,"s:5:4:7:Infinity":3,"b:5:8:5:37:5:41:5:66":1,"s:6:8:6:Infinity":4,"b:6:15:6:41:6:45:6:49":2,"b:8:4:10:Infinity:undefined:undefined:undefined:undefined":3,"s:8:4:10:Infinity":5,"b:8:8:8:32:8:36:8:56":4,"s:9:8:9:Infinity":6,"b:9:15:9:36:9:40:9:57:9:61:9:65":5,"s:11:4:11:Infinity":7,"s:14:29:34:1":8,"f:14:29:14:30":1,"b:14:36:14:38":6,"s:15:29:15:78":9,"b:15:42:15:61:15:64:15:78":7,"s:16:21:20:28":10,"b:16:21:16:Infinity:17:11:17:Infinity:18:11:18:Infinity:19:11:19:Infinity:20:11:20:28":8,"s:22:4:33:Infinity":11,"b:23:12:23:18:23:22:23:32:23:36:23:46:23:50:23:61:23:65:23:69":9,"b:24:16:24:26:24:30:24:41:24:45:24:57:24:61:24:73:24:77:24:81":10,"b:25:18:25:30:25:34:25:52:25:56:25:72":11,"b:26:16:26:26:26:30:26:46:26:50:26:68":12,"b:27:17:27:28:27:32:27:47:27:51:27:53":13,"b:28:21:28:36:28:40:28:51:28:55:28:57":14,"b:29:22:29:31:29:35:29:49:29:53:29:66:29:70:29:71":15,"b:31:52:31:66:31:69:31:71":16,"s:36:30:39:1":12,"f:36:30:36:31":2,"b:36:38:36:40":17,"b:37:4:37:Infinity:undefined:undefined:undefined:undefined":18,"s:37:4:37:Infinity":13,"b:37:8:37:13:37:17:37:37":19,"s:37:39:37:Infinity":14,"s:38:4:38:Infinity":15}}}
}
