{"C:\\Users\\Sloba\\Downloads\\Baze 2 projekat\\instagram-app\\frontend\\src\\pages\\Login.jsx": {"path":"C:\\Users\\Sloba\\Downloads\\Baze 2 projekat\\instagram-app\\frontend\\src\\pages\\Login.jsx","statementMap":{"0":{"start":{"line":8,"column":8},"end":{"line":8,"column":null}},"1":{"start":{"line":9,"column":24},"end":{"line":9,"column":null}},"2":{"start":{"line":10,"column":30},"end":{"line":10,"column":null}},"3":{"start":{"line":11,"column":38},"end":{"line":11,"column":null}},"4":{"start":{"line":12,"column":24},"end":{"line":12,"column":null}},"5":{"start":{"line":14,"column":2},"end":{"line":16,"column":null}},"6":{"start":{"line":15,"column":2},"end":{"line":15,"column":null}},"7":{"start":{"line":18,"column":22},"end":{"line":38,"column":null}},"8":{"start":{"line":19,"column":4},"end":{"line":19,"column":null}},"9":{"start":{"line":20,"column":4},"end":{"line":20,"column":null}},"10":{"start":{"line":22,"column":4},"end":{"line":24,"column":null}},"11":{"start":{"line":23,"column":6},"end":{"line":23,"column":null}},"12":{"start":{"line":25,"column":4},"end":{"line":27,"column":null}},"13":{"start":{"line":26,"column":6},"end":{"line":26,"column":null}},"14":{"start":{"line":30,"column":4},"end":{"line":37,"column":null}},"15":{"start":{"line":31,"column":19},"end":{"line":31,"column":null}},"16":{"start":{"line":32,"column":6},"end":{"line":32,"column":null}},"17":{"start":{"line":33,"column":6},"end":{"line":33,"column":null}},"18":{"start":{"line":34,"column":6},"end":{"line":34,"column":null}},"19":{"start":{"line":36,"column":6},"end":{"line":36,"column":null}},"20":{"start":{"line":40,"column":2},"end":{"line":88,"column":null}},"21":{"start":{"line":44,"column":21},"end":{"line":44,"column":44}},"22":{"start":{"line":57,"column":33},"end":{"line":57,"column":null}},"23":{"start":{"line":65,"column":31},"end":{"line":65,"column":null}},"24":{"start":{"line":74,"column":29},"end":{"line":74,"column":null}},"25":{"start":{"line":85,"column":54},"end":{"line":85,"column":77}}},"fnMap":{"0":{"name":"Login","decl":{"start":{"line":7,"column":24},"end":{"line":7,"column":32}},"loc":{"start":{"line":7,"column":32},"end":{"line":90,"column":null}},"line":7},"1":{"name":"(anonymous_1)","decl":{"start":{"line":14,"column":12},"end":{"line":14,"column":18}},"loc":{"start":{"line":14,"column":18},"end":{"line":16,"column":5}},"line":14},"2":{"name":"(anonymous_2)","decl":{"start":{"line":18,"column":22},"end":{"line":18,"column":29}},"loc":{"start":{"line":18,"column":35},"end":{"line":38,"column":null}},"line":18},"3":{"name":"(anonymous_3)","decl":{"start":{"line":44,"column":15},"end":{"line":44,"column":21}},"loc":{"start":{"line":44,"column":21},"end":{"line":44,"column":44}},"line":44},"4":{"name":"(anonymous_4)","decl":{"start":{"line":57,"column":26},"end":{"line":57,"column":27}},"loc":{"start":{"line":57,"column":33},"end":{"line":57,"column":null}},"line":57},"5":{"name":"(anonymous_5)","decl":{"start":{"line":65,"column":25},"end":{"line":65,"column":31}},"loc":{"start":{"line":65,"column":31},"end":{"line":65,"column":null}},"line":65},"6":{"name":"(anonymous_6)","decl":{"start":{"line":74,"column":22},"end":{"line":74,"column":23}},"loc":{"start":{"line":74,"column":29},"end":{"line":74,"column":null}},"line":74},"7":{"name":"(anonymous_7)","decl":{"start":{"line":85,"column":48},"end":{"line":85,"column":54}},"loc":{"start":{"line":85,"column":54},"end":{"line":85,"column":77}},"line":85}},"branchMap":{"0":{"loc":{"start":{"line":22,"column":4},"end":{"line":24,"column":null}},"type":"if","locations":[{"start":{"line":22,"column":4},"end":{"line":24,"column":null}},{"start":{},"end":{}}],"line":22},"1":{"loc":{"start":{"line":25,"column":4},"end":{"line":27,"column":null}},"type":"if","locations":[{"start":{"line":25,"column":4},"end":{"line":27,"column":null}},{"start":{},"end":{}}],"line":25},"2":{"loc":{"start":{"line":67,"column":17},"end":{"line":67,"column":null}},"type":"cond-expr","locations":[{"start":{"line":67,"column":32},"end":{"line":67,"column":41}},{"start":{"line":67,"column":41},"end":{"line":67,"column":null}}],"line":67},"3":{"loc":{"start":{"line":72,"column":18},"end":{"line":72,"column":null}},"type":"cond-expr","locations":[{"start":{"line":72,"column":33},"end":{"line":72,"column":42}},{"start":{"line":72,"column":42},"end":{"line":72,"column":null}}],"line":72},"4":{"loc":{"start":{"line":77,"column":11},"end":{"line":77,"column":null}},"type":"binary-expr","locations":[{"start":{"line":77,"column":11},"end":{"line":77,"column":20}},{"start":{"line":77,"column":20},"end":{"line":77,"column":null}}],"line":77}},"s":{"0":22,"1":22,"2":22,"3":22,"4":22,"5":22,"6":7,"7":22,"8":4,"9":4,"10":4,"11":1,"12":3,"13":1,"14":2,"15":2,"16":1,"17":1,"18":1,"19":1,"20":22,"21":1,"22":4,"23":2,"24":4,"25":0},"f":{"0":22,"1":7,"2":4,"3":1,"4":4,"5":2,"6":4,"7":0},"b":{"0":[1,3],"1":[1,2],"2":[1,21],"3":[1,21],"4":[22,3]},"meta":{"lastBranch":5,"lastFunction":8,"lastStatement":26,"seen":{"f:7:24:7:32":0,"s:8:8:8:Infinity":0,"s:9:24:9:Infinity":1,"s:10:30:10:Infinity":2,"s:11:38:11:Infinity":3,"s:12:24:12:Infinity":4,"s:14:2:16:Infinity":5,"f:14:12:14:18":1,"s:15:2:15:Infinity":6,"s:18:22:38:Infinity":7,"f:18:22:18:29":2,"s:19:4:19:Infinity":8,"s:20:4:20:Infinity":9,"b:22:4:24:Infinity:undefined:undefined:undefined:undefined":0,"s:22:4:24:Infinity":10,"s:23:6:23:Infinity":11,"b:25:4:27:Infinity:undefined:undefined:undefined:undefined":1,"s:25:4:27:Infinity":12,"s:26:6:26:Infinity":13,"s:30:4:37:Infinity":14,"s:31:19:31:Infinity":15,"s:32:6:32:Infinity":16,"s:33:6:33:Infinity":17,"s:34:6:34:Infinity":18,"s:36:6:36:Infinity":19,"s:40:2:88:Infinity":20,"f:44:15:44:21":3,"s:44:21:44:44":21,"f:57:26:57:27":4,"s:57:33:57:Infinity":22,"f:65:25:65:31":5,"s:65:31:65:Infinity":23,"b:67:32:67:41:67:41:67:Infinity":2,"b:72:33:72:42:72:42:72:Infinity":3,"f:74:22:74:23":6,"s:74:29:74:Infinity":24,"b:77:11:77:20:77:20:77:Infinity":4,"f:85:48:85:54":7,"s:85:54:85:77":25}}}
,"C:\\Users\\Sloba\\Downloads\\Baze 2 projekat\\instagram-app\\frontend\\src\\pages\\Register.jsx": {"path":"C:\\Users\\Sloba\\Downloads\\Baze 2 projekat\\instagram-app\\frontend\\src\\pages\\Register.jsx","statementMap":{"0":{"start":{"line":7,"column":30},"end":{"line":13,"column":null}},"1":{"start":{"line":15,"column":8},"end":{"line":15,"column":null}},"2":{"start":{"line":17,"column":26},"end":{"line":17,"column":null}},"3":{"start":{"line":18,"column":48},"end":{"line":18,"column":null}},"4":{"start":{"line":20,"column":24},"end":{"line":20,"column":null}},"5":{"start":{"line":21,"column":21},"end":{"line":21,"column":null}},"6":{"start":{"line":25,"column":25},"end":{"line":25,"column":null}},"7":{"start":{"line":27,"column":2},"end":{"line":29,"column":null}},"8":{"start":{"line":28,"column":4},"end":{"line":28,"column":null}},"9":{"start":{"line":31,"column":23},"end":{"line":56,"column":null}},"10":{"start":{"line":32,"column":28},"end":{"line":32,"column":null}},"11":{"start":{"line":34,"column":4},"end":{"line":37,"column":null}},"12":{"start":{"line":39,"column":4},"end":{"line":55,"column":null}},"13":{"start":{"line":40,"column":6},"end":{"line":54,"column":null}},"14":{"start":{"line":41,"column":8},"end":{"line":44,"column":null}},"15":{"start":{"line":41,"column":29},"end":{"line":44,"column":10}},"16":{"start":{"line":45,"column":6},"end":{"line":54,"column":null}},"17":{"start":{"line":46,"column":8},"end":{"line":46,"column":null}},"18":{"start":{"line":47,"column":8},"end":{"line":50,"column":null}},"19":{"start":{"line":47,"column":29},"end":{"line":50,"column":10}},"20":{"start":{"line":52,"column":8},"end":{"line":52,"column":null}},"21":{"start":{"line":53,"column":8},"end":{"line":53,"column":null}},"22":{"start":{"line":53,"column":29},"end":{"line":53,"column":55}},"23":{"start":{"line":58,"column":23},"end":{"line":77,"column":null}},"24":{"start":{"line":59,"column":20},"end":{"line":59,"column":null}},"25":{"start":{"line":61,"column":4},"end":{"line":61,"column":null}},"26":{"start":{"line":61,"column":29},"end":{"line":61,"column":null}},"27":{"start":{"line":63,"column":4},"end":{"line":63,"column":null}},"28":{"start":{"line":63,"column":28},"end":{"line":63,"column":null}},"29":{"start":{"line":65,"column":4},"end":{"line":67,"column":null}},"30":{"start":{"line":66,"column":6},"end":{"line":66,"column":null}},"31":{"start":{"line":68,"column":4},"end":{"line":70,"column":null}},"32":{"start":{"line":69,"column":6},"end":{"line":69,"column":null}},"33":{"start":{"line":71,"column":4},"end":{"line":73,"column":null}},"34":{"start":{"line":72,"column":6},"end":{"line":72,"column":null}},"35":{"start":{"line":75,"column":4},"end":{"line":75,"column":null}},"36":{"start":{"line":76,"column":4},"end":{"line":76,"column":null}},"37":{"start":{"line":79,"column":23},"end":{"line":99,"column":null}},"38":{"start":{"line":80,"column":4},"end":{"line":80,"column":null}},"39":{"start":{"line":82,"column":4},"end":{"line":82,"column":null}},"40":{"start":{"line":82,"column":25},"end":{"line":82,"column":null}},"41":{"start":{"line":84,"column":4},"end":{"line":98,"column":null}},"42":{"start":{"line":85,"column":19},"end":{"line":85,"column":null}},"43":{"start":{"line":87,"column":6},"end":{"line":87,"column":null}},"44":{"start":{"line":89,"column":6},"end":{"line":89,"column":null}},"45":{"start":{"line":90,"column":6},"end":{"line":90,"column":null}},"46":{"start":{"line":92,"column":6},"end":{"line":92,"column":null}},"47":{"start":{"line":94,"column":8},"end":{"line":96,"column":null}},"48":{"start":{"line":97,"column":6},"end":{"line":97,"column":null}},"49":{"start":{"line":101,"column":2},"end":{"line":158,"column":null}}},"fnMap":{"0":{"name":"Register","decl":{"start":{"line":6,"column":9},"end":{"line":6,"column":20}},"loc":{"start":{"line":6,"column":20},"end":{"line":160,"column":null}},"line":6},"1":{"name":"(anonymous_1)","decl":{"start":{"line":27,"column":12},"end":{"line":27,"column":18}},"loc":{"start":{"line":27,"column":18},"end":{"line":29,"column":5}},"line":27},"2":{"name":"(anonymous_2)","decl":{"start":{"line":31,"column":23},"end":{"line":31,"column":24}},"loc":{"start":{"line":31,"column":30},"end":{"line":56,"column":null}},"line":31},"3":{"name":"(anonymous_3)","decl":{"start":{"line":41,"column":18},"end":{"line":41,"column":19}},"loc":{"start":{"line":41,"column":29},"end":{"line":44,"column":10}},"line":41},"4":{"name":"(anonymous_4)","decl":{"start":{"line":47,"column":18},"end":{"line":47,"column":19}},"loc":{"start":{"line":47,"column":29},"end":{"line":50,"column":10}},"line":47},"5":{"name":"(anonymous_5)","decl":{"start":{"line":53,"column":18},"end":{"line":53,"column":19}},"loc":{"start":{"line":53,"column":29},"end":{"line":53,"column":55}},"line":53},"6":{"name":"(anonymous_6)","decl":{"start":{"line":58,"column":23},"end":{"line":58,"column":29}},"loc":{"start":{"line":58,"column":29},"end":{"line":77,"column":null}},"line":58},"7":{"name":"(anonymous_7)","decl":{"start":{"line":79,"column":23},"end":{"line":79,"column":30}},"loc":{"start":{"line":79,"column":36},"end":{"line":99,"column":null}},"line":79}},"branchMap":{"0":{"loc":{"start":{"line":39,"column":4},"end":{"line":55,"column":null}},"type":"if","locations":[{"start":{"line":39,"column":4},"end":{"line":55,"column":null}},{"start":{},"end":{}}],"line":39},"1":{"loc":{"start":{"line":40,"column":6},"end":{"line":54,"column":null}},"type":"if","locations":[{"start":{"line":40,"column":6},"end":{"line":54,"column":null}},{"start":{"line":45,"column":6},"end":{"line":54,"column":null}}],"line":40},"2":{"loc":{"start":{"line":45,"column":6},"end":{"line":54,"column":null}},"type":"if","locations":[{"start":{"line":45,"column":6},"end":{"line":54,"column":null}},{"start":{"line":51,"column":13},"end":{"line":54,"column":null}}],"line":45},"3":{"loc":{"start":{"line":61,"column":4},"end":{"line":61,"column":null}},"type":"if","locations":[{"start":{"line":61,"column":4},"end":{"line":61,"column":null}},{"start":{},"end":{}}],"line":61},"4":{"loc":{"start":{"line":63,"column":4},"end":{"line":63,"column":null}},"type":"if","locations":[{"start":{"line":63,"column":4},"end":{"line":63,"column":null}},{"start":{},"end":{}}],"line":63},"5":{"loc":{"start":{"line":65,"column":4},"end":{"line":67,"column":null}},"type":"if","locations":[{"start":{"line":65,"column":4},"end":{"line":67,"column":null}},{"start":{},"end":{}}],"line":65},"6":{"loc":{"start":{"line":68,"column":4},"end":{"line":70,"column":null}},"type":"if","locations":[{"start":{"line":68,"column":4},"end":{"line":70,"column":null}},{"start":{},"end":{}}],"line":68},"7":{"loc":{"start":{"line":71,"column":4},"end":{"line":73,"column":null}},"type":"if","locations":[{"start":{"line":71,"column":4},"end":{"line":73,"column":null}},{"start":{},"end":{}}],"line":71},"8":{"loc":{"start":{"line":82,"column":4},"end":{"line":82,"column":null}},"type":"if","locations":[{"start":{"line":82,"column":4},"end":{"line":82,"column":null}},{"start":{},"end":{}}],"line":82},"9":{"loc":{"start":{"line":94,"column":8},"end":{"line":96,"column":null}},"type":"binary-expr","locations":[{"start":{"line":94,"column":8},"end":{"line":94,"column":null}},{"start":{"line":95,"column":8},"end":{"line":95,"column":null}},{"start":{"line":96,"column":9},"end":{"line":96,"column":null}}],"line":94},"10":{"loc":{"start":{"line":96,"column":9},"end":{"line":96,"column":null}},"type":"cond-expr","locations":[{"start":{"line":96,"column":51},"end":{"line":96,"column":71}},{"start":{"line":96,"column":71},"end":{"line":96,"column":null}}],"line":96},"11":{"loc":{"start":{"line":97,"column":12},"end":{"line":97,"column":112}},"type":"cond-expr","locations":[{"start":{"line":97,"column":29},"end":{"line":97,"column":72}},{"start":{"line":97,"column":72},"end":{"line":97,"column":112}}],"line":97},"12":{"loc":{"start":{"line":114,"column":11},"end":{"line":114,"column":null}},"type":"binary-expr","locations":[{"start":{"line":114,"column":11},"end":{"line":114,"column":31}},{"start":{"line":114,"column":31},"end":{"line":114,"column":null}}],"line":114},"13":{"loc":{"start":{"line":123,"column":11},"end":{"line":123,"column":null}},"type":"binary-expr","locations":[{"start":{"line":123,"column":11},"end":{"line":123,"column":30}},{"start":{"line":123,"column":30},"end":{"line":123,"column":null}}],"line":123},"14":{"loc":{"start":{"line":132,"column":11},"end":{"line":132,"column":null}},"type":"binary-expr","locations":[{"start":{"line":132,"column":11},"end":{"line":132,"column":30}},{"start":{"line":132,"column":30},"end":{"line":132,"column":null}}],"line":132},"15":{"loc":{"start":{"line":133,"column":11},"end":{"line":134,"column":null}},"type":"binary-expr","locations":[{"start":{"line":133,"column":11},"end":{"line":133,"column":null}},{"start":{"line":134,"column":12},"end":{"line":134,"column":null}}],"line":133},"16":{"loc":{"start":{"line":144,"column":11},"end":{"line":144,"column":null}},"type":"binary-expr","locations":[{"start":{"line":144,"column":11},"end":{"line":144,"column":27}},{"start":{"line":144,"column":27},"end":{"line":144,"column":null}}],"line":144},"17":{"loc":{"start":{"line":153,"column":11},"end":{"line":153,"column":null}},"type":"binary-expr","locations":[{"start":{"line":153,"column":11},"end":{"line":153,"column":30}},{"start":{"line":153,"column":30},"end":{"line":153,"column":null}}],"line":153}},"s":{"0":35,"1":35,"2":35,"3":35,"4":35,"5":35,"6":35,"7":35,"8":8,"9":35,"10":22,"11":22,"12":22,"13":6,"14":1,"15":1,"16":5,"17":1,"18":1,"19":1,"20":4,"21":4,"22":4,"23":35,"24":5,"25":5,"26":1,"27":5,"28":1,"29":5,"30":1,"31":5,"32":2,"33":5,"34":2,"35":5,"36":5,"37":35,"38":5,"39":5,"40":3,"41":2,"42":2,"43":1,"44":1,"45":1,"46":1,"47":1,"48":1,"49":35},"f":{"0":35,"1":8,"2":22,"3":1,"4":1,"5":4,"6":5,"7":5},"b":{"0":[6,16],"1":[1,5],"2":[1,4],"3":[1,4],"4":[1,4],"5":[1,4],"6":[2,3],"7":[2,3],"8":[3,2],"9":[1,1,1],"10":[0,1],"11":[0,1],"12":[35,1],"13":[35,1],"14":[35,3],"15":[35,1],"16":[35,2],"17":[35,2]},"meta":{"lastBranch":18,"lastFunction":8,"lastStatement":50,"seen":{"f:6:9:6:20":0,"s:7:30:13:Infinity":0,"s:15:8:15:Infinity":1,"s:17:26:17:Infinity":2,"s:18:48:18:Infinity":3,"s:20:24:20:Infinity":4,"s:21:21:21:Infinity":5,"s:25:25:25:Infinity":6,"s:27:2:29:Infinity":7,"f:27:12:27:18":1,"s:28:4:28:Infinity":8,"s:31:23:56:Infinity":9,"f:31:23:31:24":2,"s:32:28:32:Infinity":10,"s:34:4:37:Infinity":11,"b:39:4:55:Infinity:undefined:undefined:undefined:undefined":0,"s:39:4:55:Infinity":12,"b:40:6:54:Infinity:45:6:54:Infinity":1,"s:40:6:54:Infinity":13,"s:41:8:44:Infinity":14,"f:41:18:41:19":3,"s:41:29:44:10":15,"b:45:6:54:Infinity:51:13:54:Infinity":2,"s:45:6:54:Infinity":16,"s:46:8:46:Infinity":17,"s:47:8:50:Infinity":18,"f:47:18:47:19":4,"s:47:29:50:10":19,"s:52:8:52:Infinity":20,"s:53:8:53:Infinity":21,"f:53:18:53:19":5,"s:53:29:53:55":22,"s:58:23:77:Infinity":23,"f:58:23:58:29":6,"s:59:20:59:Infinity":24,"b:61:4:61:Infinity:undefined:undefined:undefined:undefined":3,"s:61:4:61:Infinity":25,"s:61:29:61:Infinity":26,"b:63:4:63:Infinity:undefined:undefined:undefined:undefined":4,"s:63:4:63:Infinity":27,"s:63:28:63:Infinity":28,"b:65:4:67:Infinity:undefined:undefined:undefined:undefined":5,"s:65:4:67:Infinity":29,"s:66:6:66:Infinity":30,"b:68:4:70:Infinity:undefined:undefined:undefined:undefined":6,"s:68:4:70:Infinity":31,"s:69:6:69:Infinity":32,"b:71:4:73:Infinity:undefined:undefined:undefined:undefined":7,"s:71:4:73:Infinity":33,"s:72:6:72:Infinity":34,"s:75:4:75:Infinity":35,"s:76:4:76:Infinity":36,"s:79:23:99:Infinity":37,"f:79:23:79:30":7,"s:80:4:80:Infinity":38,"b:82:4:82:Infinity:undefined:undefined:undefined:undefined":8,"s:82:4:82:Infinity":39,"s:82:25:82:Infinity":40,"s:84:4:98:Infinity":41,"s:85:19:85:Infinity":42,"s:87:6:87:Infinity":43,"s:89:6:89:Infinity":44,"s:90:6:90:Infinity":45,"s:92:6:92:Infinity":46,"s:94:8:96:Infinity":47,"b:94:8:94:Infinity:95:8:95:Infinity:96:9:96:Infinity":9,"b:96:51:96:71:96:71:96:Infinity":10,"s:97:6:97:Infinity":48,"b:97:29:97:72:97:72:97:112":11,"s:101:2:158:Infinity":49,"b:114:11:114:31:114:31:114:Infinity":12,"b:123:11:123:30:123:30:123:Infinity":13,"b:132:11:132:30:132:30:132:Infinity":14,"b:133:11:133:Infinity:134:12:134:Infinity":15,"b:144:11:144:27:144:27:144:Infinity":16,"b:153:11:153:30:153:30:153:Infinity":17}}}
,"C:\\Users\\Sloba\\Downloads\\Baze 2 projekat\\instagram-app\\frontend\\src\\utils\\auth.js": {"path":"C:\\Users\\Sloba\\Downloads\\Baze 2 projekat\\instagram-app\\frontend\\src\\utils\\auth.js","statementMap":{"0":{"start":{"line":5,"column":34},"end":{"line":17,"column":1}},"1":{"start":{"line":6,"column":18},"end":{"line":6,"column":47}},"2":{"start":{"line":7,"column":4},"end":{"line":7,"column":null}},"3":{"start":{"line":7,"column":16},"end":{"line":7,"column":null}},"4":{"start":{"line":9,"column":4},"end":{"line":16,"column":null}},"5":{"start":{"line":10,"column":23},"end":{"line":10,"column":40}},"6":{"start":{"line":11,"column":8},"end":{"line":11,"column":null}},"7":{"start":{"line":12,"column":8},"end":{"line":12,"column":67}},"8":{"start":{"line":14,"column":8},"end":{"line":14,"column":null}},"9":{"start":{"line":15,"column":8},"end":{"line":15,"column":null}}},"fnMap":{"0":{"name":"(anonymous_0)","decl":{"start":{"line":5,"column":34},"end":{"line":5,"column":35}},"loc":{"start":{"line":5,"column":40},"end":{"line":17,"column":1}},"line":5}},"branchMap":{"0":{"loc":{"start":{"line":7,"column":4},"end":{"line":7,"column":null}},"type":"if","locations":[{"start":{"line":7,"column":4},"end":{"line":7,"column":null}},{"start":{},"end":{}}],"line":7},"1":{"loc":{"start":{"line":12,"column":15},"end":{"line":12,"column":66}},"type":"binary-expr","locations":[{"start":{"line":12,"column":15},"end":{"line":12,"column":25}},{"start":{"line":12,"column":29},"end":{"line":12,"column":43}},{"start":{"line":12,"column":47},"end":{"line":12,"column":58}},{"start":{"line":12,"column":62},"end":{"line":12,"column":66}}],"line":12}},"s":{"0":1,"1":7,"2":7,"3":1,"4":6,"5":6,"6":6,"7":6,"8":1,"9":1},"f":{"0":7},"b":{"0":[1,6],"1":[6,3,2,1]},"meta":{"lastBranch":2,"lastFunction":1,"lastStatement":10,"seen":{"s:5:34:17:1":0,"f:5:34:5:35":0,"s:6:18:6:47":1,"b:7:4:7:Infinity:undefined:undefined:undefined:undefined":0,"s:7:4:7:Infinity":2,"s:7:16:7:Infinity":3,"s:9:4:16:Infinity":4,"s:10:23:10:40":5,"s:11:8:11:Infinity":6,"s:12:8:12:67":7,"b:12:15:12:25:12:29:12:43:12:47:12:58:12:62:12:66":1,"s:14:8:14:Infinity":8,"s:15:8:15:Infinity":9}}}
,"C:\\Users\\Sloba\\Downloads\\Baze 2 projekat\\instagram-app\\frontend\\src\\utils\\postMapper.js": {"path":"C:\\Users\\Sloba\\Downloads\\Baze 2 projekat\\instagram-app\\frontend\\src\\utils\\postMapper.js","statementMap":{"0":{"start":{"line":1,"column":26},"end":{"line":1,"column":115}},"1":{"start":{"line":2,"column":27},"end":{"line":2,"column":133}},"2":{"start":{"line":4,"column":25},"end":{"line":12,"column":1}},"3":{"start":{"line":5,"column":4},"end":{"line":7,"column":null}},"4":{"start":{"line":6,"column":8},"end":{"line":6,"column":null}},"5":{"start":{"line":8,"column":4},"end":{"line":10,"column":null}},"6":{"start":{"line":9,"column":8},"end":{"line":9,"column":null}},"7":{"start":{"line":11,"column":4},"end":{"line":11,"column":null}},"8":{"start":{"line":14,"column":29},"end":{"line":34,"column":1}},"9":{"start":{"line":15,"column":29},"end":{"line":15,"column":78}},"10":{"start":{"line":16,"column":21},"end":{"line":20,"column":28}},"11":{"start":{"line":22,"column":4},"end":{"line":33,"column":null}},"12":{"start":{"line":36,"column":30},"end":{"line":39,"column":1}},"13":{"start":{"line":37,"column":4},"end":{"line":37,"column":null}},"14":{"start":{"line":37,"column":39},"end":{"line":37,"column":null}},"15":{"start":{"line":38,"column":4},"end":{"line":38,"column":null}}},"fnMap":{"0":{"name":"(anonymous_0)","decl":{"start":{"line":4,"column":25},"end":{"line":4,"column":26}},"loc":{"start":{"line":4,"column":34},"end":{"line":12,"column":1}},"line":4},"1":{"name":"(anonymous_1)","decl":{"start":{"line":14,"column":29},"end":{"line":14,"column":30}},"loc":{"start":{"line":14,"column":43},"end":{"line":34,"column":1}},"line":14},"2":{"name":"(anonymous_2)","decl":{"start":{"line":36,"column":30},"end":{"line":36,"column":31}},"loc":{"start":{"line":36,"column":45},"end":{"line":39,"column":1}},"line":36}},"branchMap":{"0":{"loc":{"start":{"line":5,"column":4},"end":{"line":7,"column":null}},"type":"if","locations":[{"start":{"line":5,"column":4},"end":{"line":7,"column":null}},{"start":{},"end":{}}],"line":5},"1":{"loc":{"start":{"line":5,"column":8},"end":{"line":5,"column":66}},"type":"binary-expr","locations":[{"start":{"line":5,"column":8},"end":{"line":5,"column":37}},{"start":{"line":5,"column":41},"end":{"line":5,"column":66}}],"line":5},"2":{"loc":{"start":{"line":6,"column":15},"end":{"line":6,"column":49}},"type":"binary-expr","locations":[{"start":{"line":6,"column":15},"end":{"line":6,"column":41}},{"start":{"line":6,"column":45},"end":{"line":6,"column":49}}],"line":6},"3":{"loc":{"start":{"line":8,"column":4},"end":{"line":10,"column":null}},"type":"if","locations":[{"start":{"line":8,"column":4},"end":{"line":10,"column":null}},{"start":{},"end":{}}],"line":8},"4":{"loc":{"start":{"line":8,"column":8},"end":{"line":8,"column":56}},"type":"binary-expr","locations":[{"start":{"line":8,"column":8},"end":{"line":8,"column":32}},{"start":{"line":8,"column":36},"end":{"line":8,"column":56}}],"line":8},"5":{"loc":{"start":{"line":9,"column":15},"end":{"line":9,"column":65}},"type":"binary-expr","locations":[{"start":{"line":9,"column":15},"end":{"line":9,"column":36}},{"start":{"line":9,"column":40},"end":{"line":9,"column":57}},{"start":{"line":9,"column":61},"end":{"line":9,"column":65}}],"line":9},"6":{"loc":{"start":{"line":14,"column":30},"end":{"line":14,"column":38}},"type":"default-arg","locations":[{"start":{"line":14,"column":36},"end":{"line":14,"column":38}}],"line":14},"7":{"loc":{"start":{"line":15,"column":29},"end":{"line":15,"column":78}},"type":"cond-expr","locations":[{"start":{"line":15,"column":42},"end":{"line":15,"column":61}},{"start":{"line":15,"column":64},"end":{"line":15,"column":78}}],"line":15},"8":{"loc":{"start":{"line":16,"column":21},"end":{"line":20,"column":28}},"type":"binary-expr","locations":[{"start":{"line":16,"column":21},"end":{"line":16,"column":null}},{"start":{"line":17,"column":11},"end":{"line":17,"column":null}},{"start":{"line":18,"column":11},"end":{"line":18,"column":null}},{"start":{"line":19,"column":11},"end":{"line":19,"column":null}},{"start":{"line":20,"column":11},"end":{"line":20,"column":28}}],"line":16},"9":{"loc":{"start":{"line":23,"column":12},"end":{"line":23,"column":69}},"type":"binary-expr","locations":[{"start":{"line":23,"column":12},"end":{"line":23,"column":18}},{"start":{"line":23,"column":22},"end":{"line":23,"column":32}},{"start":{"line":23,"column":36},"end":{"line":23,"column":46}},{"start":{"line":23,"column":50},"end":{"line":23,"column":61}},{"start":{"line":23,"column":65},"end":{"line":23,"column":69}}],"line":23},"10":{"loc":{"start":{"line":24,"column":16},"end":{"line":24,"column":81}},"type":"binary-expr","locations":[{"start":{"line":24,"column":16},"end":{"line":24,"column":26}},{"start":{"line":24,"column":30},"end":{"line":24,"column":41}},{"start":{"line":24,"column":45},"end":{"line":24,"column":57}},{"start":{"line":24,"column":61},"end":{"line":24,"column":73}},{"start":{"line":24,"column":77},"end":{"line":24,"column":81}}],"line":24},"11":{"loc":{"start":{"line":25,"column":18},"end":{"line":25,"column":72}},"type":"binary-expr","locations":[{"start":{"line":25,"column":18},"end":{"line":25,"column":30}},{"start":{"line":25,"column":34},"end":{"line":25,"column":52}},{"start":{"line":25,"column":56},"end":{"line":25,"column":72}}],"line":25},"12":{"loc":{"start":{"line":26,"column":16},"end":{"line":26,"column":68}},"type":"binary-expr","locations":[{"start":{"line":26,"column":16},"end":{"line":26,"column":26}},{"start":{"line":26,"column":30},"end":{"line":26,"column":46}},{"start":{"line":26,"column":50},"end":{"line":26,"column":68}}],"line":26},"13":{"loc":{"start":{"line":27,"column":17},"end":{"line":27,"column":53}},"type":"binary-expr","locations":[{"start":{"line":27,"column":17},"end":{"line":27,"column":28}},{"start":{"line":27,"column":32},"end":{"line":27,"column":47}},{"start":{"line":27,"column":51},"end":{"line":27,"column":53}}],"line":27},"14":{"loc":{"start":{"line":28,"column":21},"end":{"line":28,"column":57}},"type":"binary-expr","locations":[{"start":{"line":28,"column":21},"end":{"line":28,"column":36}},{"start":{"line":28,"column":40},"end":{"line":28,"column":51}},{"start":{"line":28,"column":55},"end":{"line":28,"column":57}}],"line":28},"15":{"loc":{"start":{"line":29,"column":22},"end":{"line":29,"column":71}},"type":"binary-expr","locations":[{"start":{"line":29,"column":22},"end":{"line":29,"column":31}},{"start":{"line":29,"column":35},"end":{"line":29,"column":49}},{"start":{"line":29,"column":53},"end":{"line":29,"column":66}},{"start":{"line":29,"column":70},"end":{"line":29,"column":71}}],"line":29},"16":{"loc":{"start":{"line":31,"column":20},"end":{"line":31,"column":71}},"type":"cond-expr","locations":[{"start":{"line":31,"column":52},"end":{"line":31,"column":66}},{"start":{"line":31,"column":69},"end":{"line":31,"column":71}}],"line":31},"17":{"loc":{"start":{"line":36,"column":31},"end":{"line":36,"column":40}},"type":"default-arg","locations":[{"start":{"line":36,"column":38},"end":{"line":36,"column":40}}],"line":36},"18":{"loc":{"start":{"line":37,"column":4},"end":{"line":37,"column":null}},"type":"if","locations":[{"start":{"line":37,"column":4},"end":{"line":37,"column":null}},{"start":{},"end":{}}],"line":37},"19":{"loc":{"start":{"line":37,"column":8},"end":{"line":37,"column":37}},"type":"binary-expr","locations":[{"start":{"line":37,"column":8},"end":{"line":37,"column":13}},{"start":{"line":37,"column":17},"end":{"line":37,"column":37}}],"line":37}},"s":{"0":1,"1":1,"2":1,"3":18,"4":1,"5":17,"6":0,"7":17,"8":1,"9":19,"10":19,"11":19,"12":1,"13":5,"14":1,"15":4},"f":{"0":18,"1":19,"2":5},"b":{"0":[1,17],"1":[18,1],"2":[1,0],"3":[0,17],"4":[17,0],"5":[0,0,0],"6":[19],"7":[3,16],"8":[19,18,18,18,17],"9":[19,13,12,11,10],"10":[19,16,15,14,13],"11":[19,15,15],"12":[19,18,18],"13":[19,18,18],"14":[19,18,18],"15":[19,17,16,15],"16":[2,17],"17":[5],"18":[1,4],"19":[5,4]},"meta":{"lastBranch":20,"lastFunction":3,"lastStatement":16,"seen":{"s:1:26:1:115":0,"s:2:27:2:133":1,"s:4:25:12:1":2,"f:4:25:4:26":0,"b:5:4:7:Infinity:undefined:undefined:undefined:undefined":0,"s:5:4:7:Infinity":3,"b:5:8:5:37:5:41:5:66":1,"s:6:8:6:Infinity":4,"b:6:15:6:41:6:45:6:49":2,"b:8:4:10:Infinity:undefined:undefined:undefined:undefined":3,"s:8:4:10:Infinity":5,"b:8:8:8:32:8:36:8:56":4,"s:9:8:9:Infinity":6,"b:9:15:9:36:9:40:9:57:9:61:9:65":5,"s:11:4:11:Infinity":7,"s:14:29:34:1":8,"f:14:29:14:30":1,"b:14:36:14:38":6,"s:15:29:15:78":9,"b:15:42:15:61:15:64:15:78":7,"s:16:21:20:28":10,"b:16:21:16:Infinity:17:11:17:Infinity:18:11:18:Infinity:19:11:19:Infinity:20:11:20:28":8,"s:22:4:33:Infinity":11,"b:23:12:23:18:23:22:23:32:23:36:23:46:23:50:23:61:23:65:23:69":9,"b:24:16:24:26:24:30:24:41:24:45:24:57:24:61:24:73:24:77:24:81":10,"b:25:18:25:30:25:34:25:52:25:56:25:72":11,"b:26:16:26:26:26:30:26:46:26:50:26:68":12,"b:27:17:27:28:27:32:27:47:27:51:27:53":13,"b:28:21:28:36:28:40:28:51:28:55:28:57":14,"b:29:22:29:31:29:35:29:49:29:53:29:66:29:70:29:71":15,"b:31:52:31:66:31:69:31:71":16,"s:36:30:39:1":12,"f:36:30:36:31":2,"b:36:38:36:40":17,"b:37:4:37:Infinity:undefined:undefined:undefined:undefined":18,"s:37:4:37:Infinity":13,"b:37:8:37:13:37:17:37:37":19,"s:37:39:37:Infinity":14,"s:38:4:38:Infinity":15}}}
}
